0 verbose cli [ '/usr/local/bin/node', '/usr/local/bin/npm', 'i' ]
1 info using npm@7.20.3
2 info using node@v16.6.1
3 timing npm:load:whichnode Completed in 1ms
4 timing config:load:defaults Completed in 2ms
5 timing config:load:file:/usr/local/lib/node_modules/npm/npmrc Completed in 1ms
6 timing config:load:builtin Completed in 1ms
7 timing config:load:cli Completed in 2ms
8 timing config:load:env Completed in 1ms
9 timing config:load:project Completed in 0ms
10 timing config:load:file:/home/container/.npmrc Completed in 1ms
11 timing config:load:user Completed in 1ms
12 timing config:load:file:/usr/local/etc/npmrc Completed in 0ms
13 timing config:load:global Completed in 0ms
14 timing config:load:validate Completed in 0ms
15 timing config:load:credentials Completed in 2ms
16 timing config:load:setEnvs Completed in 1ms
17 timing config:load Completed in 10ms
18 timing npm:load:configload Completed in 10ms
19 timing npm:load:setTitle Completed in 0ms
20 timing npm:load:setupLog Completed in 2ms
21 timing npm:load:cleanupLog Completed in 2ms
22 timing npm:load:configScope Completed in 0ms
23 timing npm:load:projectScope Completed in 0ms
24 timing npm:load Completed in 16ms
25 timing config:load:flatten Completed in 3ms
26 timing arborist:ctor Completed in 1ms
27 timing idealTree Completed in 2ms
28 timing command:install Completed in 35ms
29 verbose stack JSONParseError: Unexpected string in JSON at position 538 while parsing '{
29 verbose stack   "dependencies": {
29 verbose stack     "@discordjs/bu'
29 verbose stack     at /usr/local/lib/node_modules/npm/node_modules/read-package-json-fast/index.js:6:44
29 verbose stack     at async Arborist.buildIdealTree (/usr/local/lib/node_modules/npm/node_modules/@npmcli/arborist/lib/arborist/build-ideal-tree.js:200:7)
29 verbose stack     at async Promise.all (index 1)
29 verbose stack     at async Arborist.reify (/usr/local/lib/node_modules/npm/node_modules/@npmcli/arborist/lib/arborist/reify.js:141:5)
29 verbose stack     at async Install.install (/usr/local/lib/node_modules/npm/lib/install.js:150:5)
30 verbose cwd /home/container
31 verbose Linux 5.10.0-13-amd64
32 verbose argv "/usr/local/bin/node" "/usr/local/bin/npm" "i"
33 verbose node v16.6.1
34 verbose npm  v7.20.3
35 error code EJSONPARSE
36 error path /home/container/package.json
37 error JSON.parse Unexpected string in JSON at position 538 while parsing '{
37 error JSON.parse   "dependencies": {
37 error JSON.parse     "@discordjs/bu'
38 error JSON.parse Failed to parse JSON data.
38 error JSON.parse Note: package.json must be actual JSON, not just JavaScript.
39 verbose exit 1
